Car-rental model

Number of bus 1

Number of seats in each bus 20

Number of destination 3

Distribution function of destination  
  Location 1    0.583
  Location 2    0.417
  Location 3    1.000

Mean interarrival time of location   
  Location 1 14 per hour
  Location 2 10 per hour
  Location 3 24 per hour

Length of the simulation 288000 seconds

Bus speed 0.00833333 miles per second

Distance from  
  Location 1 to 1     0.000 seconds
  Location 1 to 2   120.000 seconds
  Location 1 to 3   660.000 seconds
  Location 2 to 1  1080.000 seconds
  Location 2 to 2     0.000 seconds
  Location 2 to 3   540.000 seconds
  Location 3 to 1   540.000 seconds
  Location 3 to 2   660.000 seconds
  Location 3 to 3     0.000 seconds

a.
  Average number in terminal 1 queue     222.799
  Maximum number in terminal 1 queue     443.000
  Average number in terminal 2 queue     6.916
  Maximum number in terminal 2 queue     28.000
  Average number in terminal 3 queue     157.444
  Maximum number in terminal 3 queue     290.000


b.
  Average delay in terminal 1 queue     141680.457
  Maximum delay in terminal 1 queue     285446.390
  Average delay in terminal 2 queue     147261.124
  Maximum delay in terminal 2 queue     286269.091
  Average delay in terminal 3 queue     145816.983
  Maximum delay in terminal 3 queue     287679.194


c.


d.


e.
  Number						    78.000
  Average time to make a loop    3648.730
  Maximum time to make a loop    4141.908
  Minimum time to make a loop	3086.129


f.
  Average delay in terminal 1 queue     26115.848
  Maximum delay in terminal 1 queue     45771.233
  Minimum delay in terminal 1 queue     2003.738
  Average delay in terminal 2 queue     27482.627
  Maximum delay in terminal 2 queue     46512.034
  Minimum delay in terminal 2 queue     2896.051
  Average delay in terminal 3 queue     29508.533
  Maximum delay in terminal 3 queue     115177.234
  Minimum delay in terminal 3 queue     1081.257
